{
  "RSpec": {
    "coverage": {
      "/Users/cc066240/Bowlgame/spec/controllers/games_controller_spec.rb": [
        1,
        null,
        1,
        null,
        1,
        null,
        1,
        2,
        null,
        1,
        1,
        1,
        null,
        null,
        null,
        null,
        1,
        null,
        1,
        2,
        null,
        1,
        1,
        1,
        1,
        null,
        null,
        null,
        null,
        1,
        null,
        1,
        2,
        null,
        1,
        1,
        1,
        null,
        null,
        null,
        null,
        1,
        2,
        null,
        1,
        1,
        1,
        null,
        null,
        null,
        null,
        null
      ],
      "/Users/cc066240/Bowlgame/spec/rails_helper.rb": [
        null,
        1,
        1,
        null,
        1,
        null,
        null,
        1,
        1,
        null,
        null,
        null,
        null,
        null,
        null,
        null,
        null,
        null,
        null,
        null,
        null,
        null,
        null,
        null,
        null,
        null,
        null,
        null,
        null,
        1,
        null,
        0,
        0,
        null,
        null,
        1,
        null,
        1,
        null,
        null,
        null,
        null,
        1,
        null,
        null,
        null,
        null,
        null,
        null,
        null,
        null,
        null,
        null,
        null,
        null,
        null,
        null,
        1,
        null,
        null,
        1,
        null,
        null,
        null
      ],
      "/Users/cc066240/Bowlgame/config/environment.rb": [
        null,
        1,
        null,
        null,
        1
      ],
      "/Users/cc066240/Bowlgame/config/application.rb": [
        1,
        null,
        1,
        null,
        1,
        1,
        1,
        1,
        1,
        1,
        1,
        1,
        null,
        1,
        null,
        null,
        null,
        1,
        null,
        1,
        1,
        null,
        1,
        null,
        null,
        null,
        null,
        null,
        null,
        null,
        null,
        null,
        1,
        null,
        null
      ],
      "/Users/cc066240/Bowlgame/config/boot.rb": [
        1,
        null,
        1,
        1
      ],
      "/Users/cc066240/Bowlgame/config/environments/test.rb": [
        1,
        null,
        null,
        null,
        null,
        null,
        null,
        1,
        null,
        null,
        null,
        null,
        1,
        null,
        null,
        1,
        1,
        null,
        null,
        null,
        null,
        1,
        1,
        null,
        null,
        1,
        null,
        null,
        1,
        null,
        null,
        1,
        null,
        1,
        null,
        null,
        null,
        null,
        1,
        null,
        null,
        1,
        null,
        null,
        null,
        null
      ],
      "/Users/cc066240/Bowlgame/config/initializers/application_controller_renderer.rb": [
        null,
        null,
        null,
        null,
        null,
        null,
        null,
        null
      ],
      "/Users/cc066240/Bowlgame/config/initializers/backtrace_silencers.rb": [
        null,
        null,
        null,
        null,
        null,
        null,
        null
      ],
      "/Users/cc066240/Bowlgame/config/initializers/cors.rb": [
        null,
        null,
        null,
        null,
        null,
        null,
        null,
        null,
        null,
        null,
        null,
        null,
        null,
        null,
        null,
        null
      ],
      "/Users/cc066240/Bowlgame/config/initializers/filter_parameter_logging.rb": [
        null,
        null,
        null,
        1
      ],
      "/Users/cc066240/Bowlgame/config/initializers/inflections.rb": [
        null,
        null,
        null,
        null,
        null,
        null,
        null,
        null,
        null,
        null,
        null,
        null,
        null,
        null,
        null,
        null
      ],
      "/Users/cc066240/Bowlgame/config/initializers/json_formatting.rb": [
        1
      ],
      "/Users/cc066240/Bowlgame/app/middleware/prettify_json_response.rb": [
        1,
        1,
        1,
        null,
        null,
        1,
        0,
        0,
        0,
        0,
        0,
        0,
        null,
        0,
        null,
        null
      ],
      "/Users/cc066240/Bowlgame/config/initializers/mime_types.rb": [
        null,
        null,
        null,
        null
      ],
      "/Users/cc066240/Bowlgame/config/initializers/wrap_parameters.rb": [
        null,
        null,
        null,
        null,
        null,
        null,
        1,
        2,
        null,
        null,
        null,
        null,
        null,
        null
      ],
      "/Users/cc066240/Bowlgame/spec/factories/balls.rb": [
        1,
        1,
        1,
        35,
        null,
        1,
        1,
        null,
        null,
        null,
        null
      ],
      "/Users/cc066240/Bowlgame/spec/factories/frames.rb": [
        1,
        1,
        70,
        null,
        1,
        11,
        null,
        null,
        null
      ],
      "/Users/cc066240/Bowlgame/spec/factories/game.rb": [
        1,
        1,
        null,
        1,
        5,
        null,
        null,
        1,
        2,
        null,
        null,
        1,
        2,
        null,
        null,
        null
      ],
      "/Users/cc066240/Bowlgame/config/routes.rb": [
        1,
        null,
        1,
        1,
        null,
        null,
        1,
        null
      ],
      "/Users/cc066240/Bowlgame/app/controllers/games_controller.rb": [
        1,
        1,
        null,
        1,
        1,
        1,
        null,
        null,
        1,
        1,
        null,
        null,
        1,
        2,
        null,
        2,
        1,
        null,
        1,
        null,
        null,
        null,
        1,
        1,
        3,
        null,
        null
      ],
      "/Users/cc066240/Bowlgame/app/controllers/application_controller.rb": [
        1,
        null
      ],
      "/Users/cc066240/Bowlgame/spec/models/ball_spec.rb": [
        1,
        null,
        1,
        null,
        1,
        4,
        null,
        1,
        1,
        null,
        null,
        1,
        1,
        null,
        null,
        1,
        1,
        null,
        null,
        null,
        1,
        2,
        null,
        1,
        2,
        null,
        null,
        null,
        null
      ],
      "/Users/cc066240/Bowlgame/app/models/ball.rb": [
        1,
        1,
        null,
        1,
        null,
        1,
        null,
        1,
        13,
        null,
        13,
        null,
        null
      ],
      "/Users/cc066240/Bowlgame/app/models/application_record.rb": [
        1,
        1,
        null
      ],
      "/Users/cc066240/Bowlgame/spec/models/frame_spec.rb": [
        1,
        null,
        1,
        3,
        null,
        1,
        1,
        null,
        null,
        1,
        1,
        null,
        null,
        1,
        2,
        null,
        1,
        1,
        1,
        1,
        null,
        null,
        null,
        null,
        null
      ],
      "/Users/cc066240/Bowlgame/app/models/frame.rb": [
        1,
        null,
        1,
        1,
        1,
        null,
        1,
        null,
        1,
        4,
        1,
        1,
        null,
        3,
        null,
        null,
        null,
        1,
        3,
        null,
        null,
        1,
        21,
        null,
        null,
        1,
        8,
        6,
        null,
        null,
        1,
        18,
        null,
        null,
        1,
        1,
        null,
        3,
        null,
        null
      ],
      "/Users/cc066240/Bowlgame/spec/models/game_spec.rb": [
        1,
        null,
        1,
        null,
        1,
        3,
        null,
        1,
        1,
        null,
        1,
        1,
        null,
        null,
        null,
        1,
        3,
        1,
        1,
        null,
        1,
        1,
        null,
        null,
        null,
        1,
        4,
        null,
        1,
        null,
        1,
        1,
        null,
        null,
        null,
        1,
        null,
        1,
        1,
        null,
        null,
        1,
        1,
        null,
        null,
        null,
        1,
        2,
        null,
        1,
        1,
        null,
        null,
        null,
        1,
        2,
        null,
        1,
        1,
        1,
        null,
        null,
        null,
        null,
        1,
        null,
        1,
        2,
        null,
        1,
        1,
        null,
        null,
        null,
        1,
        2,
        null,
        1,
        1,
        1,
        null,
        null,
        null,
        1,
        2,
        null,
        1,
        1,
        1,
        null,
        null,
        null,
        null
      ],
      "/Users/cc066240/Bowlgame/app/models/game.rb": [
        1,
        1,
        1,
        null,
        null,
        null,
        1,
        88,
        null,
        null,
        null,
        1,
        7,
        null,
        7,
        2,
        5,
        1,
        null,
        4,
        null,
        6,
        null,
        null,
        null,
        1,
        null,
        6,
        null,
        null,
        1,
        1,
        6,
        6,
        null,
        18,
        1,
        17,
        10,
        10,
        7,
        6,
        null,
        18,
        16,
        16,
        null,
        6,
        null,
        null,
        1,
        11,
        11,
        20,
        null,
        null
      ],
      "/Users/cc066240/Bowlgame/app/serializers/game_serializer.rb": [
        1,
        1,
        1,
        null
      ],
      "/Users/cc066240/Bowlgame/app/serializers/frame_serializer.rb": [
        1,
        1,
        1,
        null
      ],
      "/Users/cc066240/Bowlgame/app/serializers/ball_serializer.rb": [
        1,
        1,
        null
      ]
    },
    "timestamp": 1579152434
  }
}
